<?xml version="1.0" encoding="UTF-8"?>
<testsuite xmlns:xsi="http://www.w3.org/2001/XMLSchema-instance" xsi:noNamespaceSchemaLocation="https://maven.apache.org/surefire/maven-surefire-plugin/xsd/surefire-test-report.xsd" name="TestSuite" time="610.735" tests="5" errors="0" skipped="4" failures="1">
  <properties>
    <property name="java.vendor" value="Oracle Corporation"/>
    <property name="JOB_NAME" value="pom"/>
    <property name="RUN_TESTS_DISPLAY_URL" value="http://localhost:8080/job/pom/3/display/redirect?page=tests"/>
    <property name="sun.java.launcher" value="SUN_STANDARD"/>
    <property name="NUMBER_OF_PROCESSORS" value="4"/>
    <property name="sun.management.compiler" value="HotSpot 64-Bit Tiered Compilers"/>
    <property name="JENKINS_HOME" value="C:\windows\system32\config\systemprofile\AppData\Local\Jenkins\.jenkins"/>
    <property name="HUDSON_SERVER_COOKIE" value="e2c2a3f0eb376327"/>
    <property name="POM_ARTIFACTID" value="AllureTestNGSeleniumTest"/>
    <property name="os.name" value="Windows 10"/>
    <property name="RegionCode" value="EMEA"/>
    <property name="sun.boot.class.path" value="C:\Program Files\Java\jdk1.8.0_281\jre\lib\resources.jar;C:\Program Files\Java\jdk1.8.0_281\jre\lib\rt.jar;C:\Program Files\Java\jdk1.8.0_281\jre\lib\sunrsasign.jar;C:\Program Files\Java\jdk1.8.0_281\jre\lib\jsse.jar;C:\Program Files\Java\jdk1.8.0_281\jre\lib\jce.jar;C:\Program Files\Java\jdk1.8.0_281\jre\lib\charsets.jar;C:\Program Files\Java\jdk1.8.0_281\jre\lib\jfr.jar;C:\Program Files\Java\jdk1.8.0_281\jre\classes"/>
    <property name="EXECUTOR_NUMBER" value="1"/>
    <property name="sun.desktop" value="windows"/>
    <property name="PATHEXT" value=".COM;.EXE;.BAT;.CMD;.VBS;.VBE;.JS;.JSE;.WSF;.WSH;.MSC"/>
    <property name="java.vm.specification.vendor" value="Oracle Corporation"/>
    <property name="POM_DISPLAYNAME" value="AllureTestNGSeleniumTest"/>
    <property name="NODE_LABELS" value="master"/>
    <property name="TEMP" value="C:\windows\TEMP"/>
    <property name="java.runtime.version" value="1.8.0_281-b09"/>
    <property name="WINSW_SERVICE_ID" value="jenkins"/>
    <property name="user.name" value="LAPTOP-86KEJ58R$"/>
    <property name="guice.disable.misplaced.annotation.check" value="true"/>
    <property name="CommonProgramW6432" value="C:\Program Files\Common Files"/>
    <property name="ProgramFiles" value="C:\Program Files"/>
    <property name="OnlineServices" value="Online Services"/>
    <property name="user.language" value="ru"/>
    <property name="JOB_BASE_NAME" value="pom"/>
    <property name="RUN_CHANGES_DISPLAY_URL" value="http://localhost:8080/job/pom/3/display/redirect?page=changes"/>
    <property name="BUILD_DISPLAY_NAME" value="#3"/>
    <property name="OneDrive" value="C:\windows\system32\config\systemprofile\OneDrive"/>
    <property name="sun.boot.library.path" value="C:\Program Files\Java\jdk1.8.0_281\jre\bin"/>
    <property name="LOCALAPPDATA" value="C:\windows\system32\config\systemprofile\AppData\Local"/>
    <property name="java.version" value="1.8.0_281"/>
    <property name="PROCESSOR_LEVEL" value="6"/>
    <property name="user.timezone" value="Europe/Moscow"/>
    <property name="USERNAME" value="LAPTOP-86KEJ58R$"/>
    <property name="sun.arch.data.model" value="64"/>
    <property name="NODE_NAME" value="master"/>
    <property name="java.endorsed.dirs" value="C:\Program Files\Java\jdk1.8.0_281\jre\lib\endorsed"/>
    <property name="BUILD_ID" value="3"/>
    <property name="sun.cpu.isalist" value="amd64"/>
    <property name="sun.jnu.encoding" value="Cp1251"/>
    <property name="file.encoding.pkg" value="sun.io"/>
    <property name="file.separator" value="\"/>
    <property name="java.specification.name" value="Java Platform API Specification"/>
    <property name="maven.conf" value="C:\Windows\System32\config\systemprofile\AppData\Local\Jenkins\.jenkins\tools\hudson.tasks.Maven_MavenInstallation\maven\conf"/>
    <property name="java.class.version" value="52.0"/>
    <property name="org.slf4j.simpleLogger.defaultLogLevel" value="info"/>
    <property name="user.country" value="RU"/>
    <property name="ALLUSERSPROFILE" value="C:\ProgramData"/>
    <property name="java.home" value="C:\Program Files\Java\jdk1.8.0_281\jre"/>
    <property name="java.vm.info" value="mixed mode"/>
    <property name="os.version" value="10.0"/>
    <property name="platformcode" value="AN"/>
    <property name="RUN_DISPLAY_URL" value="http://localhost:8080/job/pom/3/display/redirect"/>
    <property name="POM_VERSION" value="1.0-SNAPSHOT"/>
    <property name="TMP" value="C:\windows\TEMP"/>
    <property name="RUN_ARTIFACTS_DISPLAY_URL" value="http://localhost:8080/job/pom/3/display/redirect?page=artifacts"/>
    <property name="path.separator" value=";"/>
    <property name="java.vm.version" value="25.281-b09"/>
    <property name="user.variant" value=""/>
    <property name="JOB_DISPLAY_URL" value="http://localhost:8080/job/pom/display/redirect"/>
    <property name="CommonProgramFiles(x86)" value="C:\Program Files (x86)\Common Files"/>
    <property name="java.awt.printerjob" value="sun.awt.windows.WPrinterJob"/>
    <property name="JAVA_HOME" value="C:\Program Files\Java\jdk1.8.0_281"/>
    <property name="sun.io.unicode.encoding" value="UnicodeLittle"/>
    <property name="CommonProgramFiles" value="C:\Program Files\Common Files"/>
    <property name="ComSpec" value="C:\windows\system32\cmd.exe"/>
    <property name="awt.toolkit" value="sun.awt.windows.WToolkit"/>
    <property name="POM_PACKAGING" value="jar"/>
    <property name="user.script" value=""/>
    <property name="COMPUTERNAME" value="LAPTOP-86KEJ58R"/>
    <property name="SERVICE_ID" value="jenkins"/>
    <property name="POM_GROUPID" value="org.example"/>
    <property name="user.home" value="C:\windows\system32\config\systemprofile"/>
    <property name="PUBLIC" value="C:\Users\Public"/>
    <property name="BUILD_TAG" value="jenkins-pom-3"/>
    <property name="JENKINS_SERVER_COOKIE" value="e2c2a3f0eb376327"/>
    <property name="HUDSON_URL" value="http://localhost:8080/"/>
    <property name="ProgramData" value="C:\ProgramData"/>
    <property name="java.specification.vendor" value="Oracle Corporation"/>
    <property name="USERPROFILE" value="C:\windows\system32\config\systemprofile"/>
    <property name="CLASSPATH" value=""/>
    <property name="java.vendor.url" value="http://java.oracle.com/"/>
    <property name="java.library.path" value="C:\Program Files\Java\jdk1.8.0_281\bin;C:\windows\Sun\Java\bin;C:\windows\system32;C:\windows;C:\windows\system32\config\systemprofile\AppData\Local\Jenkins\.jenkins\tools\hudson.tasks.Maven_MavenInstallation\maven/bin;C:\Program Files\Java\jdk1.8.0_281/bin;C:\Program Files\Java\jdk1.8.0_281/bin;C:\Program Files (x86)\Common Files\Oracle\Java\javapath;C:\windows\system32;C:\windows;C:\windows\System32\Wbem;C:\windows\System32\WindowsPowerShell\v1.0\;C:\windows\System32\OpenSSH\;C:\Program Files\Git\cmd;C:\chromedriver;C:\Program Files (x86)\Microsoft SQL Server\150\DTS\Binn\;C:\Program Files\Azure Data Studio\bin;C:\windows\system32\config\systemprofile\AppData\Local\Microsoft\WindowsApps;."/>
    <property name="java.vm.vendor" value="Oracle Corporation"/>
    <property name="APPDATA" value="C:\windows\system32\config\systemprofile\AppData\Roaming"/>
    <property name="ZES_ENABLE_SYSMAN" value="1"/>
    <property name="java.runtime.name" value="Java(TM) SE Runtime Environment"/>
    <property name="maven.home" value="C:\Windows\System32\config\systemprofile\AppData\Local\Jenkins\.jenkins\tools\hudson.tasks.Maven_MavenInstallation\maven"/>
    <property name="java.class.path" value="C:\windows\system32\config\systemprofile\AppData\Local\Jenkins\.jenkins\plugins\maven-plugin\WEB-INF\lib\maven35-agent-1.13.jar;C:\windows\system32\config\systemprofile\AppData\Local\Jenkins\.jenkins\tools\hudson.tasks.Maven_MavenInstallation\maven\boot\plexus-classworlds-2.6.0.jar;C:\windows\system32\config\systemprofile\AppData\Local\Jenkins\.jenkins\tools\hudson.tasks.Maven_MavenInstallation\maven/conf/logging"/>
    <property name="sun.java.command" value="jenkins.maven3.agent.Maven35Main C:\windows\system32\config\systemprofile\AppData\Local\Jenkins\.jenkins\tools\hudson.tasks.Maven_MavenInstallation\maven C:\Windows\System32\config\systemprofile\AppData\Local\Jenkins\war\WEB-INF\lib\remoting-4.7.jar C:\windows\system32\config\systemprofile\AppData\Local\Jenkins\.jenkins\plugins\maven-plugin\WEB-INF\lib\maven35-interceptor-1.13.jar C:\windows\system32\config\systemprofile\AppData\Local\Jenkins\.jenkins\plugins\maven-plugin\WEB-INF\lib\maven3-interceptor-commons-1.13.jar 62768"/>
    <property name="Path" value="C:\Program Files\Java\jdk1.8.0_281/bin;C:\Program Files (x86)\Common Files\Oracle\Java\javapath;C:\windows\system32;C:\windows;C:\windows\System32\Wbem;C:\windows\System32\WindowsPowerShell\v1.0\;C:\windows\System32\OpenSSH\;C:\Program Files\Git\cmd;C:\chromedriver;C:\Program Files (x86)\Microsoft SQL Server\150\DTS\Binn\;C:\Program Files\Azure Data Studio\bin;C:\windows\system32\config\systemprofile\AppData\Local\Microsoft\WindowsApps"/>
    <property name="java.vm.specification.name" value="Java Virtual Machine Specification"/>
    <property name="PROCESSOR_ARCHITECTURE" value="AMD64"/>
    <property name="PATH+JDK" value="C:\Program Files\Java\jdk1.8.0_281/bin"/>
    <property name="PROCESSOR_IDENTIFIER" value="Intel64 Family 6 Model 126 Stepping 5, GenuineIntel"/>
    <property name="java.vm.specification.version" value="1.8"/>
    <property name="sun.os.patch.level" value=""/>
    <property name="sun.cpu.endian" value="little"/>
    <property name="M2_HOME" value="C:\windows\system32\config\systemprofile\AppData\Local\Jenkins\.jenkins\tools\hudson.tasks.Maven_MavenInstallation\maven"/>
    <property name="java.io.tmpdir" value="C:\windows\TEMP\"/>
    <property name="CI" value="true"/>
    <property name="OS" value="Windows_NT"/>
    <property name="HUDSON_HOME" value="C:\windows\system32\config\systemprofile\AppData\Local\Jenkins\.jenkins"/>
    <property name="PATH+MAVEN" value="C:\windows\system32\config\systemprofile\AppData\Local\Jenkins\.jenkins\tools\hudson.tasks.Maven_MavenInstallation\maven/bin"/>
    <property name="ProgramFiles(x86)" value="C:\Program Files (x86)"/>
    <property name="BUILD_URL" value="http://localhost:8080/job/pom/3/"/>
    <property name="java.vendor.url.bug" value="http://bugreport.sun.com/bugreport/"/>
    <property name="java.awt.graphicsenv" value="sun.awt.Win32GraphicsEnvironment"/>
    <property name="os.arch" value="amd64"/>
    <property name="SystemRoot" value="C:\windows"/>
    <property name="java.ext.dirs" value="C:\Program Files\Java\jdk1.8.0_281\jre\lib\ext;C:\windows\Sun\Java\lib\ext"/>
    <property name="user.dir" value="C:\REST_project\AllureTestNGSeleniumTest"/>
    <property name="JOB_URL" value="http://localhost:8080/job/pom/"/>
    <property name="USERDOMAIN" value="WORKGROUP"/>
    <property name="line.separator" value="&#10;"/>
    <property name="MAVEN_HOME" value="C:\windows\system32\config\systemprofile\AppData\Local\Jenkins\.jenkins\tools\hudson.tasks.Maven_MavenInstallation\maven"/>
    <property name="java.vm.name" value="Java HotSpot(TM) 64-Bit Server VM"/>
    <property name="BUILD_NUMBER" value="3"/>
    <property name="BASE" value="C:\Program Files\Jenkins"/>
    <property name="JENKINS_URL" value="http://localhost:8080/"/>
    <property name="PROCESSOR_REVISION" value="7e05"/>
    <property name="ProgramW6432" value="C:\Program Files"/>
    <property name="windir" value="C:\windows"/>
    <property name="file.encoding" value="Cp1251"/>
    <property name="SystemDrive" value="C:"/>
    <property name="maven3.interceptor" value="C:\windows\system32\config\systemprofile\AppData\Local\Jenkins\.jenkins\plugins\maven-plugin\WEB-INF\lib\maven35-interceptor-1.13.jar"/>
    <property name="WORKSPACE_TMP" value="C:\windows\system32\config\systemprofile\AppData\Local\Jenkins\.jenkins\workspace\pom@tmp"/>
    <property name="WORKSPACE" value="C:\windows\system32\config\systemprofile\AppData\Local\Jenkins\.jenkins\workspace\pom"/>
    <property name="maven3.interceptor.common" value="C:\windows\system32\config\systemprofile\AppData\Local\Jenkins\.jenkins\plugins\maven-plugin\WEB-INF\lib\maven3-interceptor-commons-1.13.jar"/>
    <property name="WINSW_EXECUTABLE" value="C:\Program Files\Jenkins\jenkins.exe"/>
    <property name="java.specification.version" value="1.8"/>
    <property name="PSModulePath" value="C:\Program Files\WindowsPowerShell\Modules;C:\windows\system32\WindowsPowerShell\v1.0\Modules"/>
    <property name="DriverData" value="C:\Windows\System32\Drivers\DriverData"/>
  </properties>
  <testcase name="setup" classname="allureReports.Tests" time="608.962">
    <failure message="session not created&#10;from timeout: Timed out receiving message from renderer: 600.000&#10;  (Session info: chrome=91.0.4472.164)&#10;Build info: version: &apos;4.0.0-alpha-3&apos;, revision: &apos;8c567de6dc&apos;&#10;System info: host: &apos;LAPTOP-86KEJ58R&apos;, ip: &apos;10.255.65.125&apos;, os.name: &apos;Windows 10&apos;, os.arch: &apos;amd64&apos;, os.version: &apos;10.0&apos;, java.version: &apos;1.8.0_281&apos;&#10;Driver info: driver.version: ChromeDriver&#10;remote stacktrace: Backtrace:&#10;	Ordinal0 [0x00C53733+2504499]&#10;	Ordinal0 [0x00BEC401+2081793]&#10;	Ordinal0 [0x00AF2628+1058344]&#10;	Ordinal0 [0x00AE4EBF+1003199]&#10;	Ordinal0 [0x00AE3EF9+999161]&#10;	Ordinal0 [0x00AE41B6+999862]&#10;	Ordinal0 [0x00AE3AA5+998053]&#10;	Ordinal0 [0x00AEA6DD+1025757]&#10;	Ordinal0 [0x00AE3A61+997985]&#10;	Ordinal0 [0x00AE4986+1001862]&#10;	Ordinal0 [0x00AE3EF9+999161]&#10;	Ordinal0 [0x00AE41B6+999862]&#10;	Ordinal0 [0x00AE3AA5+998053]&#10;	Ordinal0 [0x00AE990C+1022220]&#10;	Ordinal0 [0x00AE3A61+997985]&#10;	Ordinal0 [0x00AE4986+1001862]&#10;	Ordinal0 [0x00AE3EF9+999161]&#10;	Ordinal0 [0x00AE41B6+999862]&#10;	Ordinal0 [0x00AE3AA5+998053]&#10;	Ordinal0 [0x00ADF5DD+980445]&#10;	Ordinal0 [0x00AE3A61+997985]&#10;	Ordinal0 [0x00AE3800+997376]&#10;	Ordinal0 [0x00AE3599+996761]&#10;	Ordinal0 [0x00AF3830+1062960]&#10;	Ordinal0 [0x00B3ABB9+1354681]&#10;	Ordinal0 [0x00B397DA+1349594]&#10;	Ordinal0 [0x00B35D4B+1334603]&#10;	Ordinal0 [0x00B122B4+1188532]&#10;	Ordinal0 [0x00B13149+1192265]&#10;	GetHandleVerifier [0x00DCFB8C+1512252]&#10;	GetHandleVerifier [0x00E7B0DF+2214031]&#10;	GetHandleVerifier [0x00CD4BC3+484211]&#10;	GetHandleVerifier [0x00CD3E69+480793]&#10;	Ordinal0 [0x00BF218D+2105741]&#10;	Ordinal0 [0x00BF66E8+2123496]&#10;	Ordinal0 [0x00BF6827+2123815]&#10;	Ordinal0 [0x00BFFB73+2161523]&#10;	BaseThreadInitThunk [0x772CFA29+25]&#10;	RtlGetAppContainerNamedObjectPath [0x77C37A9E+286]&#10;	RtlGetAppContainerNamedObjectPath [0x77C37A6E+238]&#10;" type="org.openqa.selenium.SessionNotCreatedException">org.openqa.selenium.SessionNotCreatedException: 
session not created
from timeout: Timed out receiving message from renderer: 600.000
  (Session info: chrome=91.0.4472.164)
Build info: version: '4.0.0-alpha-3', revision: '8c567de6dc'
System info: host: 'LAPTOP-86KEJ58R', ip: '10.255.65.125', os.name: 'Windows 10', os.arch: 'amd64', os.version: '10.0', java.version: '1.8.0_281'
Driver info: driver.version: ChromeDriver
remote stacktrace: Backtrace:
	Ordinal0 [0x00C53733+2504499]
	Ordinal0 [0x00BEC401+2081793]
	Ordinal0 [0x00AF2628+1058344]
	Ordinal0 [0x00AE4EBF+1003199]
	Ordinal0 [0x00AE3EF9+999161]
	Ordinal0 [0x00AE41B6+999862]
	Ordinal0 [0x00AE3AA5+998053]
	Ordinal0 [0x00AEA6DD+1025757]
	Ordinal0 [0x00AE3A61+997985]
	Ordinal0 [0x00AE4986+1001862]
	Ordinal0 [0x00AE3EF9+999161]
	Ordinal0 [0x00AE41B6+999862]
	Ordinal0 [0x00AE3AA5+998053]
	Ordinal0 [0x00AE990C+1022220]
	Ordinal0 [0x00AE3A61+997985]
	Ordinal0 [0x00AE4986+1001862]
	Ordinal0 [0x00AE3EF9+999161]
	Ordinal0 [0x00AE41B6+999862]
	Ordinal0 [0x00AE3AA5+998053]
	Ordinal0 [0x00ADF5DD+980445]
	Ordinal0 [0x00AE3A61+997985]
	Ordinal0 [0x00AE3800+997376]
	Ordinal0 [0x00AE3599+996761]
	Ordinal0 [0x00AF3830+1062960]
	Ordinal0 [0x00B3ABB9+1354681]
	Ordinal0 [0x00B397DA+1349594]
	Ordinal0 [0x00B35D4B+1334603]
	Ordinal0 [0x00B122B4+1188532]
	Ordinal0 [0x00B13149+1192265]
	GetHandleVerifier [0x00DCFB8C+1512252]
	GetHandleVerifier [0x00E7B0DF+2214031]
	GetHandleVerifier [0x00CD4BC3+484211]
	GetHandleVerifier [0x00CD3E69+480793]
	Ordinal0 [0x00BF218D+2105741]
	Ordinal0 [0x00BF66E8+2123496]
	Ordinal0 [0x00BF6827+2123815]
	Ordinal0 [0x00BFFB73+2161523]
	BaseThreadInitThunk [0x772CFA29+25]
	RtlGetAppContainerNamedObjectPath [0x77C37A9E+286]
	RtlGetAppContainerNamedObjectPath [0x77C37A6E+238]

	at allureReports.Tests.setup(Tests.java:21)
</failure>
    <system-out><![CDATA[I am in onStart method C:/REST_project/AllureTestNGSeleniumTest/src/test/java/allureReports/Tests.java
]]></system-out>
    <system-err><![CDATA[SLF4J: Failed to load class "org.slf4j.impl.StaticLoggerBinder".
SLF4J: Defaulting to no-operation (NOP) logger implementation
SLF4J: See http://www.slf4j.org/codes.html#StaticLoggerBinder for further details.
Starting ChromeDriver 91.0.4472.101 (af52a90bf87030dd1523486a1cd3ae25c5d76c9b-refs/branch-heads/4472@{#1462}) on port 29959
Only local connections are allowed.
Please see https://chromedriver.chromium.org/security-considerations for suggestions on keeping ChromeDriver safe.
ChromeDriver was started successfully.
[1627303081.959][SEVERE]: Timed out receiving message from renderer: 600.000
]]></system-err>
  </testcase>
  <testcase name="logoResenceTest" classname="allureReports.Tests" time="0">
    <skipped message="session not created&#10;from timeout: Timed out receiving message from renderer: 600.000&#10;  (Session info: chrome=91.0.4472.164)&#10;Build info: version: &apos;4.0.0-alpha-3&apos;, revision: &apos;8c567de6dc&apos;&#10;System info: host: &apos;LAPTOP-86KEJ58R&apos;, ip: &apos;10.255.65.125&apos;, os.name: &apos;Windows 10&apos;, os.arch: &apos;amd64&apos;, os.version: &apos;10.0&apos;, java.version: &apos;1.8.0_281&apos;&#10;Driver info: driver.version: ChromeDriver&#10;remote stacktrace: Backtrace:&#10;	Ordinal0 [0x00C53733+2504499]&#10;	Ordinal0 [0x00BEC401+2081793]&#10;	Ordinal0 [0x00AF2628+1058344]&#10;	Ordinal0 [0x00AE4EBF+1003199]&#10;	Ordinal0 [0x00AE3EF9+999161]&#10;	Ordinal0 [0x00AE41B6+999862]&#10;	Ordinal0 [0x00AE3AA5+998053]&#10;	Ordinal0 [0x00AEA6DD+1025757]&#10;	Ordinal0 [0x00AE3A61+997985]&#10;	Ordinal0 [0x00AE4986+1001862]&#10;	Ordinal0 [0x00AE3EF9+999161]&#10;	Ordinal0 [0x00AE41B6+999862]&#10;	Ordinal0 [0x00AE3AA5+998053]&#10;	Ordinal0 [0x00AE990C+1022220]&#10;	Ordinal0 [0x00AE3A61+997985]&#10;	Ordinal0 [0x00AE4986+1001862]&#10;	Ordinal0 [0x00AE3EF9+999161]&#10;	Ordinal0 [0x00AE41B6+999862]&#10;	Ordinal0 [0x00AE3AA5+998053]&#10;	Ordinal0 [0x00ADF5DD+980445]&#10;	Ordinal0 [0x00AE3A61+997985]&#10;	Ordinal0 [0x00AE3800+997376]&#10;	Ordinal0 [0x00AE3599+996761]&#10;	Ordinal0 [0x00AF3830+1062960]&#10;	Ordinal0 [0x00B3ABB9+1354681]&#10;	Ordinal0 [0x00B397DA+1349594]&#10;	Ordinal0 [0x00B35D4B+1334603]&#10;	Ordinal0 [0x00B122B4+1188532]&#10;	Ordinal0 [0x00B13149+1192265]&#10;	GetHandleVerifier [0x00DCFB8C+1512252]&#10;	GetHandleVerifier [0x00E7B0DF+2214031]&#10;	GetHandleVerifier [0x00CD4BC3+484211]&#10;	GetHandleVerifier [0x00CD3E69+480793]&#10;	Ordinal0 [0x00BF218D+2105741]&#10;	Ordinal0 [0x00BF66E8+2123496]&#10;	Ordinal0 [0x00BF6827+2123815]&#10;	Ordinal0 [0x00BFFB73+2161523]&#10;	BaseThreadInitThunk [0x772CFA29+25]&#10;	RtlGetAppContainerNamedObjectPath [0x77C37A9E+286]&#10;	RtlGetAppContainerNamedObjectPath [0x77C37A6E+238]&#10;"/>
    <system-out><![CDATA[I am in onTestStart method logoResenceTest start
I am in onTestSkipped method logoResenceTest skipped
]]></system-out>
  </testcase>
  <testcase name="loginTest" classname="allureReports.Tests" time="0">
    <skipped message="session not created&#10;from timeout: Timed out receiving message from renderer: 600.000&#10;  (Session info: chrome=91.0.4472.164)&#10;Build info: version: &apos;4.0.0-alpha-3&apos;, revision: &apos;8c567de6dc&apos;&#10;System info: host: &apos;LAPTOP-86KEJ58R&apos;, ip: &apos;10.255.65.125&apos;, os.name: &apos;Windows 10&apos;, os.arch: &apos;amd64&apos;, os.version: &apos;10.0&apos;, java.version: &apos;1.8.0_281&apos;&#10;Driver info: driver.version: ChromeDriver&#10;remote stacktrace: Backtrace:&#10;	Ordinal0 [0x00C53733+2504499]&#10;	Ordinal0 [0x00BEC401+2081793]&#10;	Ordinal0 [0x00AF2628+1058344]&#10;	Ordinal0 [0x00AE4EBF+1003199]&#10;	Ordinal0 [0x00AE3EF9+999161]&#10;	Ordinal0 [0x00AE41B6+999862]&#10;	Ordinal0 [0x00AE3AA5+998053]&#10;	Ordinal0 [0x00AEA6DD+1025757]&#10;	Ordinal0 [0x00AE3A61+997985]&#10;	Ordinal0 [0x00AE4986+1001862]&#10;	Ordinal0 [0x00AE3EF9+999161]&#10;	Ordinal0 [0x00AE41B6+999862]&#10;	Ordinal0 [0x00AE3AA5+998053]&#10;	Ordinal0 [0x00AE990C+1022220]&#10;	Ordinal0 [0x00AE3A61+997985]&#10;	Ordinal0 [0x00AE4986+1001862]&#10;	Ordinal0 [0x00AE3EF9+999161]&#10;	Ordinal0 [0x00AE41B6+999862]&#10;	Ordinal0 [0x00AE3AA5+998053]&#10;	Ordinal0 [0x00ADF5DD+980445]&#10;	Ordinal0 [0x00AE3A61+997985]&#10;	Ordinal0 [0x00AE3800+997376]&#10;	Ordinal0 [0x00AE3599+996761]&#10;	Ordinal0 [0x00AF3830+1062960]&#10;	Ordinal0 [0x00B3ABB9+1354681]&#10;	Ordinal0 [0x00B397DA+1349594]&#10;	Ordinal0 [0x00B35D4B+1334603]&#10;	Ordinal0 [0x00B122B4+1188532]&#10;	Ordinal0 [0x00B13149+1192265]&#10;	GetHandleVerifier [0x00DCFB8C+1512252]&#10;	GetHandleVerifier [0x00E7B0DF+2214031]&#10;	GetHandleVerifier [0x00CD4BC3+484211]&#10;	GetHandleVerifier [0x00CD3E69+480793]&#10;	Ordinal0 [0x00BF218D+2105741]&#10;	Ordinal0 [0x00BF66E8+2123496]&#10;	Ordinal0 [0x00BF6827+2123815]&#10;	Ordinal0 [0x00BFFB73+2161523]&#10;	BaseThreadInitThunk [0x772CFA29+25]&#10;	RtlGetAppContainerNamedObjectPath [0x77C37A9E+286]&#10;	RtlGetAppContainerNamedObjectPath [0x77C37A6E+238]&#10;"/>
    <system-out><![CDATA[I am in onTestStart method loginTest start
I am in onTestSkipped method loginTest skipped
]]></system-out>
  </testcase>
  <testcase name="registrationTest" classname="allureReports.Tests" time="0">
    <skipped message="session not created&#10;from timeout: Timed out receiving message from renderer: 600.000&#10;  (Session info: chrome=91.0.4472.164)&#10;Build info: version: &apos;4.0.0-alpha-3&apos;, revision: &apos;8c567de6dc&apos;&#10;System info: host: &apos;LAPTOP-86KEJ58R&apos;, ip: &apos;10.255.65.125&apos;, os.name: &apos;Windows 10&apos;, os.arch: &apos;amd64&apos;, os.version: &apos;10.0&apos;, java.version: &apos;1.8.0_281&apos;&#10;Driver info: driver.version: ChromeDriver&#10;remote stacktrace: Backtrace:&#10;	Ordinal0 [0x00C53733+2504499]&#10;	Ordinal0 [0x00BEC401+2081793]&#10;	Ordinal0 [0x00AF2628+1058344]&#10;	Ordinal0 [0x00AE4EBF+1003199]&#10;	Ordinal0 [0x00AE3EF9+999161]&#10;	Ordinal0 [0x00AE41B6+999862]&#10;	Ordinal0 [0x00AE3AA5+998053]&#10;	Ordinal0 [0x00AEA6DD+1025757]&#10;	Ordinal0 [0x00AE3A61+997985]&#10;	Ordinal0 [0x00AE4986+1001862]&#10;	Ordinal0 [0x00AE3EF9+999161]&#10;	Ordinal0 [0x00AE41B6+999862]&#10;	Ordinal0 [0x00AE3AA5+998053]&#10;	Ordinal0 [0x00AE990C+1022220]&#10;	Ordinal0 [0x00AE3A61+997985]&#10;	Ordinal0 [0x00AE4986+1001862]&#10;	Ordinal0 [0x00AE3EF9+999161]&#10;	Ordinal0 [0x00AE41B6+999862]&#10;	Ordinal0 [0x00AE3AA5+998053]&#10;	Ordinal0 [0x00ADF5DD+980445]&#10;	Ordinal0 [0x00AE3A61+997985]&#10;	Ordinal0 [0x00AE3800+997376]&#10;	Ordinal0 [0x00AE3599+996761]&#10;	Ordinal0 [0x00AF3830+1062960]&#10;	Ordinal0 [0x00B3ABB9+1354681]&#10;	Ordinal0 [0x00B397DA+1349594]&#10;	Ordinal0 [0x00B35D4B+1334603]&#10;	Ordinal0 [0x00B122B4+1188532]&#10;	Ordinal0 [0x00B13149+1192265]&#10;	GetHandleVerifier [0x00DCFB8C+1512252]&#10;	GetHandleVerifier [0x00E7B0DF+2214031]&#10;	GetHandleVerifier [0x00CD4BC3+484211]&#10;	GetHandleVerifier [0x00CD3E69+480793]&#10;	Ordinal0 [0x00BF218D+2105741]&#10;	Ordinal0 [0x00BF66E8+2123496]&#10;	Ordinal0 [0x00BF6827+2123815]&#10;	Ordinal0 [0x00BFFB73+2161523]&#10;	BaseThreadInitThunk [0x772CFA29+25]&#10;	RtlGetAppContainerNamedObjectPath [0x77C37A9E+286]&#10;	RtlGetAppContainerNamedObjectPath [0x77C37A6E+238]&#10;"/>
    <system-out><![CDATA[I am in onTestStart method registrationTest start
I am in onTestSkipped method registrationTest skipped
]]></system-out>
  </testcase>
  <testcase name="tearDown" classname="allureReports.Tests" time="0">
    <skipped/>
  </testcase>
</testsuite>