<?xml version="1.0" encoding="UTF-8"?>
<testng-results skipped="3" failed="0" ignored="0" total="3" passed="0">
  <reporter-output>
  </reporter-output>
  <suite name="All Test Suite" duration-ms="607359" started-at="2021-07-26T15:27:56 MSK" finished-at="2021-07-26T15:38:04 MSK">
    <groups>
    </groups>
    <test name="C:/REST_project/AllureTestNGSeleniumTest/src/test/java/allureReports/Tests.java" duration-ms="607359" started-at="2021-07-26T15:27:56 MSK" finished-at="2021-07-26T15:38:04 MSK">
      <class name="allureReports.Tests">
        <test-method status="FAIL" signature="setup()[pri:0, instance:allureReports.Tests@4fd4cae3]" name="setup" is-config="true" duration-ms="606534" started-at="2021-07-26T15:27:56 MSK" finished-at="2021-07-26T15:38:03 MSK">
          <exception class="org.openqa.selenium.SessionNotCreatedException">
            <message>
              <![CDATA[session not created
from timeout: Timed out receiving message from renderer: 600.000
  (Session info: chrome=91.0.4472.164)
Build info: version: '4.0.0-alpha-3', revision: '8c567de6dc'
System info: host: 'LAPTOP-86KEJ58R', ip: '10.255.65.125', os.name: 'Windows 10', os.arch: 'amd64', os.version: '10.0', java.version: '1.8.0_281'
Driver info: driver.version: ChromeDriver
remote stacktrace: Backtrace:
Ordinal0 [0x00C53733+2504499]
Ordinal0 [0x00BEC401+2081793]
Ordinal0 [0x00AF2628+1058344]
Ordinal0 [0x00AE4EBF+1003199]
Ordinal0 [0x00AE3EF9+999161]
Ordinal0 [0x00AE41B6+999862]
Ordinal0 [0x00AE3AA5+998053]
Ordinal0 [0x00AEA6DD+1025757]
Ordinal0 [0x00AE3A61+997985]
Ordinal0 [0x00AE4986+1001862]
Ordinal0 [0x00AE3EF9+999161]
Ordinal0 [0x00AE41B6+999862]
Ordinal0 [0x00AE3AA5+998053]
Ordinal0 [0x00AE990C+1022220]
Ordinal0 [0x00AE3A61+997985]
Ordinal0 [0x00AE4986+1001862]
Ordinal0 [0x00AE3EF9+999161]
Ordinal0 [0x00AE41B6+999862]
Ordinal0 [0x00AE3AA5+998053]
Ordinal0 [0x00ADF5DD+980445]
Ordinal0 [0x00AE3A61+997985]
Ordinal0 [0x00AE3800+997376]
Ordinal0 [0x00AE3599+996761]
Ordinal0 [0x00AF3830+1062960]
Ordinal0 [0x00B3ABB9+1354681]
Ordinal0 [0x00B397DA+1349594]
Ordinal0 [0x00B35D4B+1334603]
Ordinal0 [0x00B122B4+1188532]
Ordinal0 [0x00B13149+1192265]
GetHandleVerifier [0x00DCFB8C+1512252]
GetHandleVerifier [0x00E7B0DF+2214031]
GetHandleVerifier [0x00CD4BC3+484211]
GetHandleVerifier [0x00CD3E69+480793]
Ordinal0 [0x00BF218D+2105741]
Ordinal0 [0x00BF66E8+2123496]
Ordinal0 [0x00BF6827+2123815]
Ordinal0 [0x00BFFB73+2161523]
BaseThreadInitThunk [0x772CFA29+25]
RtlGetAppContainerNamedObjectPath [0x77C37A9E+286]
RtlGetAppContainerNamedObjectPath [0x77C37A6E+238]
]]>
            </message>
            <full-stacktrace>
              <![CDATA[org.openqa.selenium.SessionNotCreatedException: session not created
from timeout: Timed out receiving message from renderer: 600.000
  (Session info: chrome=91.0.4472.164)
Build info: version: '4.0.0-alpha-3', revision: '8c567de6dc'
System info: host: 'LAPTOP-86KEJ58R', ip: '10.255.65.125', os.name: 'Windows 10', os.arch: 'amd64', os.version: '10.0', java.version: '1.8.0_281'
Driver info: driver.version: ChromeDriver
remote stacktrace: Backtrace:
Ordinal0 [0x00C53733+2504499]
Ordinal0 [0x00BEC401+2081793]
Ordinal0 [0x00AF2628+1058344]
Ordinal0 [0x00AE4EBF+1003199]
Ordinal0 [0x00AE3EF9+999161]
Ordinal0 [0x00AE41B6+999862]
Ordinal0 [0x00AE3AA5+998053]
Ordinal0 [0x00AEA6DD+1025757]
Ordinal0 [0x00AE3A61+997985]
Ordinal0 [0x00AE4986+1001862]
Ordinal0 [0x00AE3EF9+999161]
Ordinal0 [0x00AE41B6+999862]
Ordinal0 [0x00AE3AA5+998053]
Ordinal0 [0x00AE990C+1022220]
Ordinal0 [0x00AE3A61+997985]
Ordinal0 [0x00AE4986+1001862]
Ordinal0 [0x00AE3EF9+999161]
Ordinal0 [0x00AE41B6+999862]
Ordinal0 [0x00AE3AA5+998053]
Ordinal0 [0x00ADF5DD+980445]
Ordinal0 [0x00AE3A61+997985]
Ordinal0 [0x00AE3800+997376]
Ordinal0 [0x00AE3599+996761]
Ordinal0 [0x00AF3830+1062960]
Ordinal0 [0x00B3ABB9+1354681]
Ordinal0 [0x00B397DA+1349594]
Ordinal0 [0x00B35D4B+1334603]
Ordinal0 [0x00B122B4+1188532]
Ordinal0 [0x00B13149+1192265]
GetHandleVerifier [0x00DCFB8C+1512252]
GetHandleVerifier [0x00E7B0DF+2214031]
GetHandleVerifier [0x00CD4BC3+484211]
GetHandleVerifier [0x00CD3E69+480793]
Ordinal0 [0x00BF218D+2105741]
Ordinal0 [0x00BF66E8+2123496]
Ordinal0 [0x00BF6827+2123815]
Ordinal0 [0x00BFFB73+2161523]
BaseThreadInitThunk [0x772CFA29+25]
RtlGetAppContainerNamedObjectPath [0x77C37A9E+286]
RtlGetAppContainerNamedObjectPath [0x77C37A6E+238]

at sun.reflect.NativeConstructorAccessorImpl.newInstance0(Native Method)
at sun.reflect.NativeConstructorAccessorImpl.newInstance(NativeConstructorAccessorImpl.java:62)
at sun.reflect.DelegatingConstructorAccessorImpl.newInstance(DelegatingConstructorAccessorImpl.java:45)
at java.lang.reflect.Constructor.newInstance(Constructor.java:423)
at org.openqa.selenium.remote.W3CHandshakeResponse.lambda$errorHandler$0(W3CHandshakeResponse.java:62)
at org.openqa.selenium.remote.HandshakeResponse.lambda$getResponseFunction$0(HandshakeResponse.java:30)
at org.openqa.selenium.remote.ProtocolHandshake.lambda$createSession$1(ProtocolHandshake.java:127)
at java.util.stream.ReferencePipeline$3$1.accept(ReferencePipeline.java:193)
at java.util.Spliterators$ArraySpliterator.tryAdvance(Spliterators.java:958)
at java.util.stream.ReferencePipeline.forEachWithCancel(ReferencePipeline.java:126)
at java.util.stream.AbstractPipeline.copyIntoWithCancel(AbstractPipeline.java:499)
at java.util.stream.AbstractPipeline.copyInto(AbstractPipeline.java:486)
at java.util.stream.AbstractPipeline.wrapAndCopyInto(AbstractPipeline.java:472)
at java.util.stream.FindOps$FindOp.evaluateSequential(FindOps.java:152)
at java.util.stream.AbstractPipeline.evaluate(AbstractPipeline.java:234)
at java.util.stream.ReferencePipeline.findFirst(ReferencePipeline.java:464)
at org.openqa.selenium.remote.ProtocolHandshake.createSession(ProtocolHandshake.java:129)
at org.openqa.selenium.remote.ProtocolHandshake.createSession(ProtocolHandshake.java:75)
at org.openqa.selenium.remote.HttpCommandExecutor.execute(HttpCommandExecutor.java:139)
at org.openqa.selenium.remote.service.DriverCommandExecutor.execute(DriverCommandExecutor.java:83)
at org.openqa.selenium.remote.RemoteWebDriver.execute(RemoteWebDriver.java:576)
at org.openqa.selenium.remote.RemoteWebDriver.startSession(RemoteWebDriver.java:210)
at org.openqa.selenium.remote.RemoteWebDriver.<init>(RemoteWebDriver.java:130)
at org.openqa.selenium.chromium.ChromiumDriver.<init>(ChromiumDriver.java:75)
at org.openqa.selenium.chrome.ChromeDriver.<init>(ChromeDriver.java:163)
at org.openqa.selenium.chrome.ChromeDriver.<init>(ChromeDriver.java:150)
at org.openqa.selenium.chrome.ChromeDriver.<init>(ChromeDriver.java:105)
at allureReports.BaseClass.initialize_driver(BaseClass.java:16)
at allureReports.Tests.setup(Tests.java:21)
at sun.reflect.NativeMethodAccessorImpl.invoke0(Native Method)
at sun.reflect.NativeMethodAccessorImpl.invoke(NativeMethodAccessorImpl.java:62)
at sun.reflect.DelegatingMethodAccessorImpl.invoke(DelegatingMethodAccessorImpl.java:43)
at java.lang.reflect.Method.invoke(Method.java:498)
at org.testng.internal.MethodInvocationHelper.invokeMethod(MethodInvocationHelper.java:133)
at org.testng.internal.MethodInvocationHelper.invokeMethodConsideringTimeout(MethodInvocationHelper.java:62)
at org.testng.internal.ConfigInvoker.invokeConfigurationMethod(ConfigInvoker.java:340)
at org.testng.internal.ConfigInvoker.invokeConfigurations(ConfigInvoker.java:294)
at org.testng.internal.TestMethodWorker.invokeBeforeClassMethods(TestMethodWorker.java:176)
at org.testng.internal.TestMethodWorker.run(TestMethodWorker.java:122)
at java.util.ArrayList.forEach(ArrayList.java:1259)
at org.testng.TestRunner.privateRun(TestRunner.java:770)
at org.testng.TestRunner.run(TestRunner.java:591)
at org.testng.SuiteRunner.runTest(SuiteRunner.java:402)
at org.testng.SuiteRunner.runSequentially(SuiteRunner.java:396)
at org.testng.SuiteRunner.privateRun(SuiteRunner.java:355)
at org.testng.SuiteRunner.run(SuiteRunner.java:304)
at org.testng.SuiteRunnerWorker.runSuite(SuiteRunnerWorker.java:53)
at org.testng.SuiteRunnerWorker.run(SuiteRunnerWorker.java:96)
at org.testng.TestNG.runSuitesSequentially(TestNG.java:1180)
at org.testng.TestNG.runSuitesLocally(TestNG.java:1102)
at org.testng.TestNG.runSuites(TestNG.java:1032)
at org.testng.TestNG.run(TestNG.java:1000)
at org.apache.maven.surefire.testng.TestNGExecutor.run(TestNGExecutor.java:283)
at org.apache.maven.surefire.testng.TestNGXmlTestSuite.execute(TestNGXmlTestSuite.java:75)
at org.apache.maven.surefire.testng.TestNGProvider.invoke(TestNGProvider.java:120)
at org.apache.maven.surefire.booter.ForkedBooter.invokeProviderInSameClassLoader(ForkedBooter.java:386)
at org.apache.maven.surefire.booter.ForkedBooter.runSuitesInProcess(ForkedBooter.java:323)
at org.apache.maven.surefire.booter.ForkedBooter.main(ForkedBooter.java:143)
]]>
            </full-stacktrace>
          </exception> <!-- org.openqa.selenium.SessionNotCreatedException -->
          <reporter-output>
          </reporter-output>
        </test-method> <!-- setup -->
        <test-method status="SKIP" signature="logoResenceTest()[pri:1, instance:allureReports.Tests@4fd4cae3]" name="logoResenceTest" duration-ms="0" started-at="2021-07-26T15:38:03 MSK" description="Verify Logo presence on Home Page" finished-at="2021-07-26T15:38:03 MSK">
          <exception class="org.openqa.selenium.SessionNotCreatedException">
            <message>
              <![CDATA[session not created
from timeout: Timed out receiving message from renderer: 600.000
  (Session info: chrome=91.0.4472.164)
Build info: version: '4.0.0-alpha-3', revision: '8c567de6dc'
System info: host: 'LAPTOP-86KEJ58R', ip: '10.255.65.125', os.name: 'Windows 10', os.arch: 'amd64', os.version: '10.0', java.version: '1.8.0_281'
Driver info: driver.version: ChromeDriver
remote stacktrace: Backtrace:
Ordinal0 [0x00C53733+2504499]
Ordinal0 [0x00BEC401+2081793]
Ordinal0 [0x00AF2628+1058344]
Ordinal0 [0x00AE4EBF+1003199]
Ordinal0 [0x00AE3EF9+999161]
Ordinal0 [0x00AE41B6+999862]
Ordinal0 [0x00AE3AA5+998053]
Ordinal0 [0x00AEA6DD+1025757]
Ordinal0 [0x00AE3A61+997985]
Ordinal0 [0x00AE4986+1001862]
Ordinal0 [0x00AE3EF9+999161]
Ordinal0 [0x00AE41B6+999862]
Ordinal0 [0x00AE3AA5+998053]
Ordinal0 [0x00AE990C+1022220]
Ordinal0 [0x00AE3A61+997985]
Ordinal0 [0x00AE4986+1001862]
Ordinal0 [0x00AE3EF9+999161]
Ordinal0 [0x00AE41B6+999862]
Ordinal0 [0x00AE3AA5+998053]
Ordinal0 [0x00ADF5DD+980445]
Ordinal0 [0x00AE3A61+997985]
Ordinal0 [0x00AE3800+997376]
Ordinal0 [0x00AE3599+996761]
Ordinal0 [0x00AF3830+1062960]
Ordinal0 [0x00B3ABB9+1354681]
Ordinal0 [0x00B397DA+1349594]
Ordinal0 [0x00B35D4B+1334603]
Ordinal0 [0x00B122B4+1188532]
Ordinal0 [0x00B13149+1192265]
GetHandleVerifier [0x00DCFB8C+1512252]
GetHandleVerifier [0x00E7B0DF+2214031]
GetHandleVerifier [0x00CD4BC3+484211]
GetHandleVerifier [0x00CD3E69+480793]
Ordinal0 [0x00BF218D+2105741]
Ordinal0 [0x00BF66E8+2123496]
Ordinal0 [0x00BF6827+2123815]
Ordinal0 [0x00BFFB73+2161523]
BaseThreadInitThunk [0x772CFA29+25]
RtlGetAppContainerNamedObjectPath [0x77C37A9E+286]
RtlGetAppContainerNamedObjectPath [0x77C37A6E+238]
]]>
            </message>
            <full-stacktrace>
              <![CDATA[org.openqa.selenium.SessionNotCreatedException: session not created
from timeout: Timed out receiving message from renderer: 600.000
  (Session info: chrome=91.0.4472.164)
Build info: version: '4.0.0-alpha-3', revision: '8c567de6dc'
System info: host: 'LAPTOP-86KEJ58R', ip: '10.255.65.125', os.name: 'Windows 10', os.arch: 'amd64', os.version: '10.0', java.version: '1.8.0_281'
Driver info: driver.version: ChromeDriver
remote stacktrace: Backtrace:
Ordinal0 [0x00C53733+2504499]
Ordinal0 [0x00BEC401+2081793]
Ordinal0 [0x00AF2628+1058344]
Ordinal0 [0x00AE4EBF+1003199]
Ordinal0 [0x00AE3EF9+999161]
Ordinal0 [0x00AE41B6+999862]
Ordinal0 [0x00AE3AA5+998053]
Ordinal0 [0x00AEA6DD+1025757]
Ordinal0 [0x00AE3A61+997985]
Ordinal0 [0x00AE4986+1001862]
Ordinal0 [0x00AE3EF9+999161]
Ordinal0 [0x00AE41B6+999862]
Ordinal0 [0x00AE3AA5+998053]
Ordinal0 [0x00AE990C+1022220]
Ordinal0 [0x00AE3A61+997985]
Ordinal0 [0x00AE4986+1001862]
Ordinal0 [0x00AE3EF9+999161]
Ordinal0 [0x00AE41B6+999862]
Ordinal0 [0x00AE3AA5+998053]
Ordinal0 [0x00ADF5DD+980445]
Ordinal0 [0x00AE3A61+997985]
Ordinal0 [0x00AE3800+997376]
Ordinal0 [0x00AE3599+996761]
Ordinal0 [0x00AF3830+1062960]
Ordinal0 [0x00B3ABB9+1354681]
Ordinal0 [0x00B397DA+1349594]
Ordinal0 [0x00B35D4B+1334603]
Ordinal0 [0x00B122B4+1188532]
Ordinal0 [0x00B13149+1192265]
GetHandleVerifier [0x00DCFB8C+1512252]
GetHandleVerifier [0x00E7B0DF+2214031]
GetHandleVerifier [0x00CD4BC3+484211]
GetHandleVerifier [0x00CD3E69+480793]
Ordinal0 [0x00BF218D+2105741]
Ordinal0 [0x00BF66E8+2123496]
Ordinal0 [0x00BF6827+2123815]
Ordinal0 [0x00BFFB73+2161523]
BaseThreadInitThunk [0x772CFA29+25]
RtlGetAppContainerNamedObjectPath [0x77C37A9E+286]
RtlGetAppContainerNamedObjectPath [0x77C37A6E+238]

at sun.reflect.NativeConstructorAccessorImpl.newInstance0(Native Method)
at sun.reflect.NativeConstructorAccessorImpl.newInstance(NativeConstructorAccessorImpl.java:62)
at sun.reflect.DelegatingConstructorAccessorImpl.newInstance(DelegatingConstructorAccessorImpl.java:45)
at java.lang.reflect.Constructor.newInstance(Constructor.java:423)
at org.openqa.selenium.remote.W3CHandshakeResponse.lambda$errorHandler$0(W3CHandshakeResponse.java:62)
at org.openqa.selenium.remote.HandshakeResponse.lambda$getResponseFunction$0(HandshakeResponse.java:30)
at org.openqa.selenium.remote.ProtocolHandshake.lambda$createSession$1(ProtocolHandshake.java:127)
at java.util.stream.ReferencePipeline$3$1.accept(ReferencePipeline.java:193)
at java.util.Spliterators$ArraySpliterator.tryAdvance(Spliterators.java:958)
at java.util.stream.ReferencePipeline.forEachWithCancel(ReferencePipeline.java:126)
at java.util.stream.AbstractPipeline.copyIntoWithCancel(AbstractPipeline.java:499)
at java.util.stream.AbstractPipeline.copyInto(AbstractPipeline.java:486)
at java.util.stream.AbstractPipeline.wrapAndCopyInto(AbstractPipeline.java:472)
at java.util.stream.FindOps$FindOp.evaluateSequential(FindOps.java:152)
at java.util.stream.AbstractPipeline.evaluate(AbstractPipeline.java:234)
at java.util.stream.ReferencePipeline.findFirst(ReferencePipeline.java:464)
at org.openqa.selenium.remote.ProtocolHandshake.createSession(ProtocolHandshake.java:129)
at org.openqa.selenium.remote.ProtocolHandshake.createSession(ProtocolHandshake.java:75)
at org.openqa.selenium.remote.HttpCommandExecutor.execute(HttpCommandExecutor.java:139)
at org.openqa.selenium.remote.service.DriverCommandExecutor.execute(DriverCommandExecutor.java:83)
at org.openqa.selenium.remote.RemoteWebDriver.execute(RemoteWebDriver.java:576)
at org.openqa.selenium.remote.RemoteWebDriver.startSession(RemoteWebDriver.java:210)
at org.openqa.selenium.remote.RemoteWebDriver.<init>(RemoteWebDriver.java:130)
at org.openqa.selenium.chromium.ChromiumDriver.<init>(ChromiumDriver.java:75)
at org.openqa.selenium.chrome.ChromeDriver.<init>(ChromeDriver.java:163)
at org.openqa.selenium.chrome.ChromeDriver.<init>(ChromeDriver.java:150)
at org.openqa.selenium.chrome.ChromeDriver.<init>(ChromeDriver.java:105)
at allureReports.BaseClass.initialize_driver(BaseClass.java:16)
at allureReports.Tests.setup(Tests.java:21)
at sun.reflect.NativeMethodAccessorImpl.invoke0(Native Method)
at sun.reflect.NativeMethodAccessorImpl.invoke(NativeMethodAccessorImpl.java:62)
at sun.reflect.DelegatingMethodAccessorImpl.invoke(DelegatingMethodAccessorImpl.java:43)
at java.lang.reflect.Method.invoke(Method.java:498)
at org.testng.internal.MethodInvocationHelper.invokeMethod(MethodInvocationHelper.java:133)
at org.testng.internal.MethodInvocationHelper.invokeMethodConsideringTimeout(MethodInvocationHelper.java:62)
at org.testng.internal.ConfigInvoker.invokeConfigurationMethod(ConfigInvoker.java:340)
at org.testng.internal.ConfigInvoker.invokeConfigurations(ConfigInvoker.java:294)
at org.testng.internal.TestMethodWorker.invokeBeforeClassMethods(TestMethodWorker.java:176)
at org.testng.internal.TestMethodWorker.run(TestMethodWorker.java:122)
at java.util.ArrayList.forEach(ArrayList.java:1259)
at org.testng.TestRunner.privateRun(TestRunner.java:770)
at org.testng.TestRunner.run(TestRunner.java:591)
at org.testng.SuiteRunner.runTest(SuiteRunner.java:402)
at org.testng.SuiteRunner.runSequentially(SuiteRunner.java:396)
at org.testng.SuiteRunner.privateRun(SuiteRunner.java:355)
at org.testng.SuiteRunner.run(SuiteRunner.java:304)
at org.testng.SuiteRunnerWorker.runSuite(SuiteRunnerWorker.java:53)
at org.testng.SuiteRunnerWorker.run(SuiteRunnerWorker.java:96)
at org.testng.TestNG.runSuitesSequentially(TestNG.java:1180)
at org.testng.TestNG.runSuitesLocally(TestNG.java:1102)
at org.testng.TestNG.runSuites(TestNG.java:1032)
at org.testng.TestNG.run(TestNG.java:1000)
at org.apache.maven.surefire.testng.TestNGExecutor.run(TestNGExecutor.java:283)
at org.apache.maven.surefire.testng.TestNGXmlTestSuite.execute(TestNGXmlTestSuite.java:75)
at org.apache.maven.surefire.testng.TestNGProvider.invoke(TestNGProvider.java:120)
at org.apache.maven.surefire.booter.ForkedBooter.invokeProviderInSameClassLoader(ForkedBooter.java:386)
at org.apache.maven.surefire.booter.ForkedBooter.runSuitesInProcess(ForkedBooter.java:323)
at org.apache.maven.surefire.booter.ForkedBooter.main(ForkedBooter.java:143)
]]>
            </full-stacktrace>
          </exception> <!-- org.openqa.selenium.SessionNotCreatedException -->
          <reporter-output>
          </reporter-output>
        </test-method> <!-- logoResenceTest -->
        <test-method status="SKIP" signature="loginTest()[pri:2, instance:allureReports.Tests@4fd4cae3]" name="loginTest" duration-ms="0" started-at="2021-07-26T15:38:04 MSK" finished-at="2021-07-26T15:38:04 MSK">
          <exception class="org.openqa.selenium.SessionNotCreatedException">
            <message>
              <![CDATA[session not created
from timeout: Timed out receiving message from renderer: 600.000
  (Session info: chrome=91.0.4472.164)
Build info: version: '4.0.0-alpha-3', revision: '8c567de6dc'
System info: host: 'LAPTOP-86KEJ58R', ip: '10.255.65.125', os.name: 'Windows 10', os.arch: 'amd64', os.version: '10.0', java.version: '1.8.0_281'
Driver info: driver.version: ChromeDriver
remote stacktrace: Backtrace:
Ordinal0 [0x00C53733+2504499]
Ordinal0 [0x00BEC401+2081793]
Ordinal0 [0x00AF2628+1058344]
Ordinal0 [0x00AE4EBF+1003199]
Ordinal0 [0x00AE3EF9+999161]
Ordinal0 [0x00AE41B6+999862]
Ordinal0 [0x00AE3AA5+998053]
Ordinal0 [0x00AEA6DD+1025757]
Ordinal0 [0x00AE3A61+997985]
Ordinal0 [0x00AE4986+1001862]
Ordinal0 [0x00AE3EF9+999161]
Ordinal0 [0x00AE41B6+999862]
Ordinal0 [0x00AE3AA5+998053]
Ordinal0 [0x00AE990C+1022220]
Ordinal0 [0x00AE3A61+997985]
Ordinal0 [0x00AE4986+1001862]
Ordinal0 [0x00AE3EF9+999161]
Ordinal0 [0x00AE41B6+999862]
Ordinal0 [0x00AE3AA5+998053]
Ordinal0 [0x00ADF5DD+980445]
Ordinal0 [0x00AE3A61+997985]
Ordinal0 [0x00AE3800+997376]
Ordinal0 [0x00AE3599+996761]
Ordinal0 [0x00AF3830+1062960]
Ordinal0 [0x00B3ABB9+1354681]
Ordinal0 [0x00B397DA+1349594]
Ordinal0 [0x00B35D4B+1334603]
Ordinal0 [0x00B122B4+1188532]
Ordinal0 [0x00B13149+1192265]
GetHandleVerifier [0x00DCFB8C+1512252]
GetHandleVerifier [0x00E7B0DF+2214031]
GetHandleVerifier [0x00CD4BC3+484211]
GetHandleVerifier [0x00CD3E69+480793]
Ordinal0 [0x00BF218D+2105741]
Ordinal0 [0x00BF66E8+2123496]
Ordinal0 [0x00BF6827+2123815]
Ordinal0 [0x00BFFB73+2161523]
BaseThreadInitThunk [0x772CFA29+25]
RtlGetAppContainerNamedObjectPath [0x77C37A9E+286]
RtlGetAppContainerNamedObjectPath [0x77C37A6E+238]
]]>
            </message>
            <full-stacktrace>
              <![CDATA[org.openqa.selenium.SessionNotCreatedException: session not created
from timeout: Timed out receiving message from renderer: 600.000
  (Session info: chrome=91.0.4472.164)
Build info: version: '4.0.0-alpha-3', revision: '8c567de6dc'
System info: host: 'LAPTOP-86KEJ58R', ip: '10.255.65.125', os.name: 'Windows 10', os.arch: 'amd64', os.version: '10.0', java.version: '1.8.0_281'
Driver info: driver.version: ChromeDriver
remote stacktrace: Backtrace:
Ordinal0 [0x00C53733+2504499]
Ordinal0 [0x00BEC401+2081793]
Ordinal0 [0x00AF2628+1058344]
Ordinal0 [0x00AE4EBF+1003199]
Ordinal0 [0x00AE3EF9+999161]
Ordinal0 [0x00AE41B6+999862]
Ordinal0 [0x00AE3AA5+998053]
Ordinal0 [0x00AEA6DD+1025757]
Ordinal0 [0x00AE3A61+997985]
Ordinal0 [0x00AE4986+1001862]
Ordinal0 [0x00AE3EF9+999161]
Ordinal0 [0x00AE41B6+999862]
Ordinal0 [0x00AE3AA5+998053]
Ordinal0 [0x00AE990C+1022220]
Ordinal0 [0x00AE3A61+997985]
Ordinal0 [0x00AE4986+1001862]
Ordinal0 [0x00AE3EF9+999161]
Ordinal0 [0x00AE41B6+999862]
Ordinal0 [0x00AE3AA5+998053]
Ordinal0 [0x00ADF5DD+980445]
Ordinal0 [0x00AE3A61+997985]
Ordinal0 [0x00AE3800+997376]
Ordinal0 [0x00AE3599+996761]
Ordinal0 [0x00AF3830+1062960]
Ordinal0 [0x00B3ABB9+1354681]
Ordinal0 [0x00B397DA+1349594]
Ordinal0 [0x00B35D4B+1334603]
Ordinal0 [0x00B122B4+1188532]
Ordinal0 [0x00B13149+1192265]
GetHandleVerifier [0x00DCFB8C+1512252]
GetHandleVerifier [0x00E7B0DF+2214031]
GetHandleVerifier [0x00CD4BC3+484211]
GetHandleVerifier [0x00CD3E69+480793]
Ordinal0 [0x00BF218D+2105741]
Ordinal0 [0x00BF66E8+2123496]
Ordinal0 [0x00BF6827+2123815]
Ordinal0 [0x00BFFB73+2161523]
BaseThreadInitThunk [0x772CFA29+25]
RtlGetAppContainerNamedObjectPath [0x77C37A9E+286]
RtlGetAppContainerNamedObjectPath [0x77C37A6E+238]

at sun.reflect.NativeConstructorAccessorImpl.newInstance0(Native Method)
at sun.reflect.NativeConstructorAccessorImpl.newInstance(NativeConstructorAccessorImpl.java:62)
at sun.reflect.DelegatingConstructorAccessorImpl.newInstance(DelegatingConstructorAccessorImpl.java:45)
at java.lang.reflect.Constructor.newInstance(Constructor.java:423)
at org.openqa.selenium.remote.W3CHandshakeResponse.lambda$errorHandler$0(W3CHandshakeResponse.java:62)
at org.openqa.selenium.remote.HandshakeResponse.lambda$getResponseFunction$0(HandshakeResponse.java:30)
at org.openqa.selenium.remote.ProtocolHandshake.lambda$createSession$1(ProtocolHandshake.java:127)
at java.util.stream.ReferencePipeline$3$1.accept(ReferencePipeline.java:193)
at java.util.Spliterators$ArraySpliterator.tryAdvance(Spliterators.java:958)
at java.util.stream.ReferencePipeline.forEachWithCancel(ReferencePipeline.java:126)
at java.util.stream.AbstractPipeline.copyIntoWithCancel(AbstractPipeline.java:499)
at java.util.stream.AbstractPipeline.copyInto(AbstractPipeline.java:486)
at java.util.stream.AbstractPipeline.wrapAndCopyInto(AbstractPipeline.java:472)
at java.util.stream.FindOps$FindOp.evaluateSequential(FindOps.java:152)
at java.util.stream.AbstractPipeline.evaluate(AbstractPipeline.java:234)
at java.util.stream.ReferencePipeline.findFirst(ReferencePipeline.java:464)
at org.openqa.selenium.remote.ProtocolHandshake.createSession(ProtocolHandshake.java:129)
at org.openqa.selenium.remote.ProtocolHandshake.createSession(ProtocolHandshake.java:75)
at org.openqa.selenium.remote.HttpCommandExecutor.execute(HttpCommandExecutor.java:139)
at org.openqa.selenium.remote.service.DriverCommandExecutor.execute(DriverCommandExecutor.java:83)
at org.openqa.selenium.remote.RemoteWebDriver.execute(RemoteWebDriver.java:576)
at org.openqa.selenium.remote.RemoteWebDriver.startSession(RemoteWebDriver.java:210)
at org.openqa.selenium.remote.RemoteWebDriver.<init>(RemoteWebDriver.java:130)
at org.openqa.selenium.chromium.ChromiumDriver.<init>(ChromiumDriver.java:75)
at org.openqa.selenium.chrome.ChromeDriver.<init>(ChromeDriver.java:163)
at org.openqa.selenium.chrome.ChromeDriver.<init>(ChromeDriver.java:150)
at org.openqa.selenium.chrome.ChromeDriver.<init>(ChromeDriver.java:105)
at allureReports.BaseClass.initialize_driver(BaseClass.java:16)
at allureReports.Tests.setup(Tests.java:21)
at sun.reflect.NativeMethodAccessorImpl.invoke0(Native Method)
at sun.reflect.NativeMethodAccessorImpl.invoke(NativeMethodAccessorImpl.java:62)
at sun.reflect.DelegatingMethodAccessorImpl.invoke(DelegatingMethodAccessorImpl.java:43)
at java.lang.reflect.Method.invoke(Method.java:498)
at org.testng.internal.MethodInvocationHelper.invokeMethod(MethodInvocationHelper.java:133)
at org.testng.internal.MethodInvocationHelper.invokeMethodConsideringTimeout(MethodInvocationHelper.java:62)
at org.testng.internal.ConfigInvoker.invokeConfigurationMethod(ConfigInvoker.java:340)
at org.testng.internal.ConfigInvoker.invokeConfigurations(ConfigInvoker.java:294)
at org.testng.internal.TestMethodWorker.invokeBeforeClassMethods(TestMethodWorker.java:176)
at org.testng.internal.TestMethodWorker.run(TestMethodWorker.java:122)
at java.util.ArrayList.forEach(ArrayList.java:1259)
at org.testng.TestRunner.privateRun(TestRunner.java:770)
at org.testng.TestRunner.run(TestRunner.java:591)
at org.testng.SuiteRunner.runTest(SuiteRunner.java:402)
at org.testng.SuiteRunner.runSequentially(SuiteRunner.java:396)
at org.testng.SuiteRunner.privateRun(SuiteRunner.java:355)
at org.testng.SuiteRunner.run(SuiteRunner.java:304)
at org.testng.SuiteRunnerWorker.runSuite(SuiteRunnerWorker.java:53)
at org.testng.SuiteRunnerWorker.run(SuiteRunnerWorker.java:96)
at org.testng.TestNG.runSuitesSequentially(TestNG.java:1180)
at org.testng.TestNG.runSuitesLocally(TestNG.java:1102)
at org.testng.TestNG.runSuites(TestNG.java:1032)
at org.testng.TestNG.run(TestNG.java:1000)
at org.apache.maven.surefire.testng.TestNGExecutor.run(TestNGExecutor.java:283)
at org.apache.maven.surefire.testng.TestNGXmlTestSuite.execute(TestNGXmlTestSuite.java:75)
at org.apache.maven.surefire.testng.TestNGProvider.invoke(TestNGProvider.java:120)
at org.apache.maven.surefire.booter.ForkedBooter.invokeProviderInSameClassLoader(ForkedBooter.java:386)
at org.apache.maven.surefire.booter.ForkedBooter.runSuitesInProcess(ForkedBooter.java:323)
at org.apache.maven.surefire.booter.ForkedBooter.main(ForkedBooter.java:143)
]]>
            </full-stacktrace>
          </exception> <!-- org.openqa.selenium.SessionNotCreatedException -->
          <reporter-output>
          </reporter-output>
        </test-method> <!-- loginTest -->
        <test-method status="SKIP" signature="registrationTest()[pri:3, instance:allureReports.Tests@4fd4cae3]" name="registrationTest" duration-ms="0" started-at="2021-07-26T15:38:04 MSK" finished-at="2021-07-26T15:38:04 MSK">
          <exception class="org.openqa.selenium.SessionNotCreatedException">
            <message>
              <![CDATA[session not created
from timeout: Timed out receiving message from renderer: 600.000
  (Session info: chrome=91.0.4472.164)
Build info: version: '4.0.0-alpha-3', revision: '8c567de6dc'
System info: host: 'LAPTOP-86KEJ58R', ip: '10.255.65.125', os.name: 'Windows 10', os.arch: 'amd64', os.version: '10.0', java.version: '1.8.0_281'
Driver info: driver.version: ChromeDriver
remote stacktrace: Backtrace:
Ordinal0 [0x00C53733+2504499]
Ordinal0 [0x00BEC401+2081793]
Ordinal0 [0x00AF2628+1058344]
Ordinal0 [0x00AE4EBF+1003199]
Ordinal0 [0x00AE3EF9+999161]
Ordinal0 [0x00AE41B6+999862]
Ordinal0 [0x00AE3AA5+998053]
Ordinal0 [0x00AEA6DD+1025757]
Ordinal0 [0x00AE3A61+997985]
Ordinal0 [0x00AE4986+1001862]
Ordinal0 [0x00AE3EF9+999161]
Ordinal0 [0x00AE41B6+999862]
Ordinal0 [0x00AE3AA5+998053]
Ordinal0 [0x00AE990C+1022220]
Ordinal0 [0x00AE3A61+997985]
Ordinal0 [0x00AE4986+1001862]
Ordinal0 [0x00AE3EF9+999161]
Ordinal0 [0x00AE41B6+999862]
Ordinal0 [0x00AE3AA5+998053]
Ordinal0 [0x00ADF5DD+980445]
Ordinal0 [0x00AE3A61+997985]
Ordinal0 [0x00AE3800+997376]
Ordinal0 [0x00AE3599+996761]
Ordinal0 [0x00AF3830+1062960]
Ordinal0 [0x00B3ABB9+1354681]
Ordinal0 [0x00B397DA+1349594]
Ordinal0 [0x00B35D4B+1334603]
Ordinal0 [0x00B122B4+1188532]
Ordinal0 [0x00B13149+1192265]
GetHandleVerifier [0x00DCFB8C+1512252]
GetHandleVerifier [0x00E7B0DF+2214031]
GetHandleVerifier [0x00CD4BC3+484211]
GetHandleVerifier [0x00CD3E69+480793]
Ordinal0 [0x00BF218D+2105741]
Ordinal0 [0x00BF66E8+2123496]
Ordinal0 [0x00BF6827+2123815]
Ordinal0 [0x00BFFB73+2161523]
BaseThreadInitThunk [0x772CFA29+25]
RtlGetAppContainerNamedObjectPath [0x77C37A9E+286]
RtlGetAppContainerNamedObjectPath [0x77C37A6E+238]
]]>
            </message>
            <full-stacktrace>
              <![CDATA[org.openqa.selenium.SessionNotCreatedException: session not created
from timeout: Timed out receiving message from renderer: 600.000
  (Session info: chrome=91.0.4472.164)
Build info: version: '4.0.0-alpha-3', revision: '8c567de6dc'
System info: host: 'LAPTOP-86KEJ58R', ip: '10.255.65.125', os.name: 'Windows 10', os.arch: 'amd64', os.version: '10.0', java.version: '1.8.0_281'
Driver info: driver.version: ChromeDriver
remote stacktrace: Backtrace:
Ordinal0 [0x00C53733+2504499]
Ordinal0 [0x00BEC401+2081793]
Ordinal0 [0x00AF2628+1058344]
Ordinal0 [0x00AE4EBF+1003199]
Ordinal0 [0x00AE3EF9+999161]
Ordinal0 [0x00AE41B6+999862]
Ordinal0 [0x00AE3AA5+998053]
Ordinal0 [0x00AEA6DD+1025757]
Ordinal0 [0x00AE3A61+997985]
Ordinal0 [0x00AE4986+1001862]
Ordinal0 [0x00AE3EF9+999161]
Ordinal0 [0x00AE41B6+999862]
Ordinal0 [0x00AE3AA5+998053]
Ordinal0 [0x00AE990C+1022220]
Ordinal0 [0x00AE3A61+997985]
Ordinal0 [0x00AE4986+1001862]
Ordinal0 [0x00AE3EF9+999161]
Ordinal0 [0x00AE41B6+999862]
Ordinal0 [0x00AE3AA5+998053]
Ordinal0 [0x00ADF5DD+980445]
Ordinal0 [0x00AE3A61+997985]
Ordinal0 [0x00AE3800+997376]
Ordinal0 [0x00AE3599+996761]
Ordinal0 [0x00AF3830+1062960]
Ordinal0 [0x00B3ABB9+1354681]
Ordinal0 [0x00B397DA+1349594]
Ordinal0 [0x00B35D4B+1334603]
Ordinal0 [0x00B122B4+1188532]
Ordinal0 [0x00B13149+1192265]
GetHandleVerifier [0x00DCFB8C+1512252]
GetHandleVerifier [0x00E7B0DF+2214031]
GetHandleVerifier [0x00CD4BC3+484211]
GetHandleVerifier [0x00CD3E69+480793]
Ordinal0 [0x00BF218D+2105741]
Ordinal0 [0x00BF66E8+2123496]
Ordinal0 [0x00BF6827+2123815]
Ordinal0 [0x00BFFB73+2161523]
BaseThreadInitThunk [0x772CFA29+25]
RtlGetAppContainerNamedObjectPath [0x77C37A9E+286]
RtlGetAppContainerNamedObjectPath [0x77C37A6E+238]

at sun.reflect.NativeConstructorAccessorImpl.newInstance0(Native Method)
at sun.reflect.NativeConstructorAccessorImpl.newInstance(NativeConstructorAccessorImpl.java:62)
at sun.reflect.DelegatingConstructorAccessorImpl.newInstance(DelegatingConstructorAccessorImpl.java:45)
at java.lang.reflect.Constructor.newInstance(Constructor.java:423)
at org.openqa.selenium.remote.W3CHandshakeResponse.lambda$errorHandler$0(W3CHandshakeResponse.java:62)
at org.openqa.selenium.remote.HandshakeResponse.lambda$getResponseFunction$0(HandshakeResponse.java:30)
at org.openqa.selenium.remote.ProtocolHandshake.lambda$createSession$1(ProtocolHandshake.java:127)
at java.util.stream.ReferencePipeline$3$1.accept(ReferencePipeline.java:193)
at java.util.Spliterators$ArraySpliterator.tryAdvance(Spliterators.java:958)
at java.util.stream.ReferencePipeline.forEachWithCancel(ReferencePipeline.java:126)
at java.util.stream.AbstractPipeline.copyIntoWithCancel(AbstractPipeline.java:499)
at java.util.stream.AbstractPipeline.copyInto(AbstractPipeline.java:486)
at java.util.stream.AbstractPipeline.wrapAndCopyInto(AbstractPipeline.java:472)
at java.util.stream.FindOps$FindOp.evaluateSequential(FindOps.java:152)
at java.util.stream.AbstractPipeline.evaluate(AbstractPipeline.java:234)
at java.util.stream.ReferencePipeline.findFirst(ReferencePipeline.java:464)
at org.openqa.selenium.remote.ProtocolHandshake.createSession(ProtocolHandshake.java:129)
at org.openqa.selenium.remote.ProtocolHandshake.createSession(ProtocolHandshake.java:75)
at org.openqa.selenium.remote.HttpCommandExecutor.execute(HttpCommandExecutor.java:139)
at org.openqa.selenium.remote.service.DriverCommandExecutor.execute(DriverCommandExecutor.java:83)
at org.openqa.selenium.remote.RemoteWebDriver.execute(RemoteWebDriver.java:576)
at org.openqa.selenium.remote.RemoteWebDriver.startSession(RemoteWebDriver.java:210)
at org.openqa.selenium.remote.RemoteWebDriver.<init>(RemoteWebDriver.java:130)
at org.openqa.selenium.chromium.ChromiumDriver.<init>(ChromiumDriver.java:75)
at org.openqa.selenium.chrome.ChromeDriver.<init>(ChromeDriver.java:163)
at org.openqa.selenium.chrome.ChromeDriver.<init>(ChromeDriver.java:150)
at org.openqa.selenium.chrome.ChromeDriver.<init>(ChromeDriver.java:105)
at allureReports.BaseClass.initialize_driver(BaseClass.java:16)
at allureReports.Tests.setup(Tests.java:21)
at sun.reflect.NativeMethodAccessorImpl.invoke0(Native Method)
at sun.reflect.NativeMethodAccessorImpl.invoke(NativeMethodAccessorImpl.java:62)
at sun.reflect.DelegatingMethodAccessorImpl.invoke(DelegatingMethodAccessorImpl.java:43)
at java.lang.reflect.Method.invoke(Method.java:498)
at org.testng.internal.MethodInvocationHelper.invokeMethod(MethodInvocationHelper.java:133)
at org.testng.internal.MethodInvocationHelper.invokeMethodConsideringTimeout(MethodInvocationHelper.java:62)
at org.testng.internal.ConfigInvoker.invokeConfigurationMethod(ConfigInvoker.java:340)
at org.testng.internal.ConfigInvoker.invokeConfigurations(ConfigInvoker.java:294)
at org.testng.internal.TestMethodWorker.invokeBeforeClassMethods(TestMethodWorker.java:176)
at org.testng.internal.TestMethodWorker.run(TestMethodWorker.java:122)
at java.util.ArrayList.forEach(ArrayList.java:1259)
at org.testng.TestRunner.privateRun(TestRunner.java:770)
at org.testng.TestRunner.run(TestRunner.java:591)
at org.testng.SuiteRunner.runTest(SuiteRunner.java:402)
at org.testng.SuiteRunner.runSequentially(SuiteRunner.java:396)
at org.testng.SuiteRunner.privateRun(SuiteRunner.java:355)
at org.testng.SuiteRunner.run(SuiteRunner.java:304)
at org.testng.SuiteRunnerWorker.runSuite(SuiteRunnerWorker.java:53)
at org.testng.SuiteRunnerWorker.run(SuiteRunnerWorker.java:96)
at org.testng.TestNG.runSuitesSequentially(TestNG.java:1180)
at org.testng.TestNG.runSuitesLocally(TestNG.java:1102)
at org.testng.TestNG.runSuites(TestNG.java:1032)
at org.testng.TestNG.run(TestNG.java:1000)
at org.apache.maven.surefire.testng.TestNGExecutor.run(TestNGExecutor.java:283)
at org.apache.maven.surefire.testng.TestNGXmlTestSuite.execute(TestNGXmlTestSuite.java:75)
at org.apache.maven.surefire.testng.TestNGProvider.invoke(TestNGProvider.java:120)
at org.apache.maven.surefire.booter.ForkedBooter.invokeProviderInSameClassLoader(ForkedBooter.java:386)
at org.apache.maven.surefire.booter.ForkedBooter.runSuitesInProcess(ForkedBooter.java:323)
at org.apache.maven.surefire.booter.ForkedBooter.main(ForkedBooter.java:143)
]]>
            </full-stacktrace>
          </exception> <!-- org.openqa.selenium.SessionNotCreatedException -->
          <reporter-output>
          </reporter-output>
        </test-method> <!-- registrationTest -->
        <test-method status="SKIP" signature="tearDown()[pri:0, instance:allureReports.Tests@4fd4cae3]" name="tearDown" is-config="true" duration-ms="-1627303084104" started-at="2021-07-26T15:38:04 MSK" finished-at="1970-01-01T03:00:00 MSK">
          <reporter-output>
          </reporter-output>
        </test-method> <!-- tearDown -->
      </class> <!-- allureReports.Tests -->
    </test> <!-- C:/REST_project/AllureTestNGSeleniumTest/src/test/java/allureReports/Tests.java -->
  </suite> <!-- All Test Suite -->
</testng-results>
